[debug] [2025-04-09T10:04:54.954Z] ----------------------------------------------------------------------
[debug] [2025-04-09T10:04:54.957Z] Command:       C:\Program Files\nodejs\node.exe C:\Users\kimmi\AppData\Roaming\npm\node_modules\firebase-tools\lib\bin\firebase.js init
[debug] [2025-04-09T10:04:54.958Z] CLI Version:   14.1.0
[debug] [2025-04-09T10:04:54.958Z] Platform:      win32
[debug] [2025-04-09T10:04:54.958Z] Node Version:  v22.14.0
[debug] [2025-04-09T10:04:54.959Z] Time:          Wed Apr 09 2025 19:04:54 GMT+0900 (대한민국 표준시)
[debug] [2025-04-09T10:04:54.959Z] ----------------------------------------------------------------------
[debug] 
[debug] [2025-04-09T10:04:54.966Z] > command requires scopes: ["email","openid","https://www.googleapis.com/auth/cloudplatformprojects.readonly","https://www.googleapis.com/auth/firebase","https://www.googleapis.com/auth/cloud-platform"]
[debug] [2025-04-09T10:04:54.967Z] > authorizing via signed-in user (kimmincheol99@gmail.com)
[info] 
     ######## #### ########  ######## ########     ###     ######  ########
     ##        ##  ##     ## ##       ##     ##  ##   ##  ##       ##
     ######    ##  ########  ######   ########  #########  ######  ######
     ##        ##  ##    ##  ##       ##     ## ##     ##       ## ##
     ##       #### ##     ## ######## ########  ##     ##  ######  ########

You're about to initialize a Firebase project in this directory:

  C:\Users\kimmi\Desktop\1000days

[info] 
=== Project Setup
[info] 
[info] First, let's associate this project directory with a Firebase project.
[info] You can create multiple project aliases by running firebase use --add, 
[info] but for now we'll just set up a default project.
[info] 
[debug] [2025-04-09T10:06:04.248Z] Checked if tokens are valid: true, expires at: 1744196676691
[debug] [2025-04-09T10:06:04.248Z] Checked if tokens are valid: true, expires at: 1744196676691
[debug] [2025-04-09T10:06:04.249Z] >>> [apiv2][query] GET https://firebase.googleapis.com/v1beta1/projects pageSize=100
[debug] [2025-04-09T10:06:05.003Z] <<< [apiv2][status] GET https://firebase.googleapis.com/v1beta1/projects 200
[debug] [2025-04-09T10:06:05.003Z] <<< [apiv2][body] GET https://firebase.googleapis.com/v1beta1/projects [omitted]
[info] i  Using project love-97c81 (Love) 
[info] 
=== Firestore Setup
[debug] [2025-04-09T10:06:08.651Z] Checked if tokens are valid: true, expires at: 1744196676691
[debug] [2025-04-09T10:06:08.651Z] Checked if tokens are valid: true, expires at: 1744196676691
[debug] [2025-04-09T10:06:08.651Z] >>> [apiv2][query] GET https://serviceusage.googleapis.com/v1/projects/love-97c81/services/firestore.googleapis.com [none]
[debug] [2025-04-09T10:06:08.651Z] >>> [apiv2][(partial)header] GET https://serviceusage.googleapis.com/v1/projects/love-97c81/services/firestore.googleapis.com x-goog-quota-user=projects/love-97c81
[debug] [2025-04-09T10:06:10.179Z] <<< [apiv2][status] GET https://serviceusage.googleapis.com/v1/projects/love-97c81/services/firestore.googleapis.com 200
[debug] [2025-04-09T10:06:10.179Z] <<< [apiv2][body] GET https://serviceusage.googleapis.com/v1/projects/love-97c81/services/firestore.googleapis.com [omitted]
[debug] [2025-04-09T10:06:10.179Z] Checked if tokens are valid: true, expires at: 1744196676691
[debug] [2025-04-09T10:06:10.179Z] Checked if tokens are valid: true, expires at: 1744196676691
[debug] [2025-04-09T10:06:10.179Z] >>> [apiv2][query] GET https://firestore.googleapis.com/v1/projects/love-97c81/databases/(default) [none]
[debug] [2025-04-09T10:06:10.464Z] <<< [apiv2][status] GET https://firestore.googleapis.com/v1/projects/love-97c81/databases/(default) 200
[debug] [2025-04-09T10:06:10.464Z] <<< [apiv2][body] GET https://firestore.googleapis.com/v1/projects/love-97c81/databases/(default) {"name":"projects/love-97c81/databases/(default)","uid":"ccb41972-2d8e-411c-b71f-6f2515283c32","createTime":"2025-04-09T08:49:05.347867Z","updateTime":"2025-04-09T08:49:05.347867Z","locationId":"asia-northeast3","type":"FIRESTORE_NATIVE","concurrencyMode":"PESSIMISTIC","versionRetentionPeriod":"3600s","earliestVersionTime":"2025-04-09T09:06:09.723314Z","appEngineIntegrationMode":"DISABLED","keyPrefix":"v","pointInTimeRecoveryEnablement":"POINT_IN_TIME_RECOVERY_DISABLED","deleteProtectionState":"DELETE_PROTECTION_DISABLED","databaseEdition":"STANDARD","freeTier":true,"etag":"IIudtPLZyowDMIrzx4POyowD"}
[debug] [2025-04-09T10:06:10.465Z] database_type: FIRESTORE_NATIVE
[debug] [2025-04-09T10:06:10.465Z] database_type: FIRESTORE_NATIVE
[debug] [2025-04-09T10:06:10.465Z] > command requires scopes: ["email","openid","https://www.googleapis.com/auth/cloudplatformprojects.readonly","https://www.googleapis.com/auth/firebase","https://www.googleapis.com/auth/cloud-platform"]
[debug] [2025-04-09T10:06:10.465Z] > authorizing via signed-in user (kimmincheol99@gmail.com)
[debug] [2025-04-09T10:06:10.465Z] [iam] checking project love-97c81 for permissions ["firebase.projects.get"]
[debug] [2025-04-09T10:06:10.465Z] Checked if tokens are valid: true, expires at: 1744196676691
[debug] [2025-04-09T10:06:10.465Z] Checked if tokens are valid: true, expires at: 1744196676691
[debug] [2025-04-09T10:06:10.465Z] >>> [apiv2][query] POST https://cloudresourcemanager.googleapis.com/v1/projects/love-97c81:testIamPermissions [none]
[debug] [2025-04-09T10:06:10.466Z] >>> [apiv2][(partial)header] POST https://cloudresourcemanager.googleapis.com/v1/projects/love-97c81:testIamPermissions x-goog-quota-user=projects/love-97c81
[debug] [2025-04-09T10:06:10.466Z] >>> [apiv2][body] POST https://cloudresourcemanager.googleapis.com/v1/projects/love-97c81:testIamPermissions {"permissions":["firebase.projects.get"]}
[debug] [2025-04-09T10:06:11.794Z] <<< [apiv2][status] POST https://cloudresourcemanager.googleapis.com/v1/projects/love-97c81:testIamPermissions 200
[debug] [2025-04-09T10:06:11.794Z] <<< [apiv2][body] POST https://cloudresourcemanager.googleapis.com/v1/projects/love-97c81:testIamPermissions {"permissions":["firebase.projects.get"]}
[info] 
[info] Firestore Security Rules allow you to define how and when to allow
[info] requests. You can keep these rules in your project directory
[info] and publish them with firebase deploy.
[info] 
